2025-07-29 15:23:58.209663: I tensorflow/core/util/port.cc:153] oneDNN custom operations are on. You may see slightly different numerical results due to floating-point round-off errors from different computation orders. To turn them off, set the environment variable `TF_ENABLE_ONEDNN_OPTS=0`.
2025-07-29 15:23:58.219401: E external/local_xla/xla/stream_executor/cuda/cuda_fft.cc:477] Unable to register cuFFT factory: Attempting to register factory for plugin cuFFT when one has already been registered
WARNING: All log messages before absl::InitializeLog() is called are written to STDERR
E0000 00:00:1753820638.229255 1853955 cuda_dnn.cc:8310] Unable to register cuDNN factory: Attempting to register factory for plugin cuDNN when one has already been registered
E0000 00:00:1753820638.232339 1853955 cuda_blas.cc:1418] Unable to register cuBLAS factory: Attempting to register factory for plugin cuBLAS when one has already been registered
2025-07-29 15:23:58.243569: I tensorflow/core/platform/cpu_feature_guard.cc:210] This TensorFlow binary is optimized to use available CPU instructions in performance-critical operations.
To enable the following instructions: AVX2 AVX512F AVX512_VNNI AVX512_BF16 FMA, in other operations, rebuild TensorFlow with the appropriate compiler flags.
Target Values: [3.29917139e-07 2.89274376e-07 3.14849364e-07 3.28247241e-07
 3.41565232e-07 2.50966422e-07 2.95640977e-07 3.30119823e-07
 8.30969726e-07]
traget val type: <class 'numpy.ndarray'>
target values are not the same
Target Values: [1.47663303e-07 1.47663303e-07 1.47663303e-07 1.47663303e-07
 1.47663303e-07 5.99055279e-08 1.47663303e-07 1.47663303e-07
 1.47663303e-07 1.47663303e-07 1.47663303e-07 1.47663303e-07
 1.47663303e-07 1.21969594e-07 1.47663303e-07 1.47663303e-07]
traget val type: <class 'numpy.ndarray'>
target values are not the same
Target Values: [5.34007270e-07 5.34510410e-07 5.35013766e-07 ... 1.35745124e-06
 1.35803210e-06 1.35861213e-06]
traget val type: <class 'numpy.ndarray'>
target values are not the same
Target Values: [1.47663303e-07 1.47663303e-07 1.47663303e-07 1.47663303e-07
 1.47663303e-07 1.47663303e-07 1.47663303e-07 1.47663303e-07
 1.47663303e-07 1.47663303e-07 1.47663303e-07 1.47663303e-07
 1.47663303e-07 1.47663303e-07 1.47663303e-07 1.47663303e-07
 1.47663303e-07 1.47663303e-07 1.47663303e-07 1.47663303e-07
 1.47663303e-07 1.47663303e-07 1.47663303e-07 1.47663303e-07
 1.47663303e-07 1.47663303e-07 1.47663303e-07 1.47663303e-07
 1.47663303e-07 1.47663303e-07 1.47663303e-07 1.47663303e-07
 1.47663303e-07 1.47663303e-07 1.47663303e-07 1.47663303e-07
 1.47663303e-07 1.47663303e-07 1.47663303e-07 1.47663303e-07
 1.47663303e-07 1.47663303e-07 1.47663303e-07 1.47663303e-07
 1.47663303e-07 1.47663303e-07 1.47663303e-07 1.47663303e-07
 1.47663303e-07 1.47663303e-07 1.47663303e-07 1.47663303e-07
 1.47663303e-07 1.47663303e-07 1.47663303e-07 1.47663303e-07
 1.47663303e-07 1.47663303e-07 1.47663303e-07 1.47663303e-07
 1.47663303e-07 1.47663303e-07 1.47663303e-07 1.47663303e-07
 1.47663303e-07 1.47663303e-07 1.47663303e-07 1.47663303e-07
 1.47663303e-07 1.47663303e-07 1.47663303e-07 1.47663303e-07
 1.47663303e-07 1.47663303e-07 1.47663303e-07 1.47663303e-07
 1.47663303e-07 1.47663303e-07 1.47663303e-07 1.47663303e-07
 1.47663303e-07 1.47663303e-07 1.47663303e-07 1.47663303e-07
 1.47663303e-07 1.47663303e-07 1.47663303e-07 1.47663303e-07
 1.47663303e-07 1.47663303e-07 1.47663303e-07 1.47663303e-07
 1.47663303e-07 1.47663303e-07 1.47663303e-07 1.47663303e-07
 1.47663303e-07 1.47663303e-07 1.47663303e-07 1.47663303e-07
 1.47663303e-07 1.47663303e-07 1.47663303e-07 1.47663303e-07
 1.47663303e-07 1.47663303e-07 1.47663303e-07 1.47663303e-07
 1.47663303e-07 1.47663303e-07 1.47663303e-07 1.47663303e-07
 1.47663303e-07 1.47663303e-07 1.47663303e-07 1.47663303e-07
 1.47663303e-07 1.47663303e-07 1.47663303e-07 1.47663303e-07
 1.47663303e-07 1.47663303e-07 1.47663303e-07 1.47663303e-07
 1.47663303e-07 1.47663303e-07 1.47663303e-07 1.47663303e-07
 1.47663303e-07 1.47663303e-07 1.47663303e-07 1.47663303e-07
 1.47663303e-07 1.47663303e-07 1.47663303e-07 1.47663303e-07
 1.47663303e-07 1.47663303e-07 1.47663303e-07 1.47663303e-07
 1.47663303e-07 1.47663303e-07 1.47663303e-07 1.47663303e-07
 1.47663303e-07 1.47663303e-07 1.47663303e-07 1.47663303e-07
 1.47663303e-07 1.47663303e-07 1.47663303e-07 1.47663303e-07
 1.47663303e-07 1.47663303e-07 1.47663303e-07 1.47663303e-07
 1.47663303e-07 1.47663303e-07 1.47663303e-07 1.47663303e-07
 1.47663303e-07 1.47663303e-07 1.47663303e-07 1.47663303e-07
 1.47663303e-07 1.47663303e-07 1.47663303e-07 1.47663303e-07
 1.47663303e-07 1.47663303e-07 1.47663303e-07 1.47663303e-07
 1.47663303e-07 1.47663303e-07 1.47663303e-07 1.47663303e-07
 1.47663303e-07 1.47663303e-07 1.47663303e-07 1.47663303e-07
 1.47663303e-07 1.47663303e-07 1.47663303e-07 1.47663303e-07
 1.47663303e-07 1.47663303e-07 1.47663303e-07 1.47663303e-07
 1.47663303e-07 1.47663303e-07 1.47663303e-07 1.47663303e-07
 1.47663303e-07 1.47663303e-07 1.47663303e-07 1.47663303e-07
 1.47663303e-07 1.47663303e-07 1.47663303e-07 1.47663303e-07
 1.47663303e-07 1.47663303e-07 1.47663303e-07 1.47663303e-07
 1.47663303e-07 1.47663303e-07 1.47663303e-07 1.47663303e-07
 1.47663303e-07 1.47663303e-07 1.47663303e-07 1.47663303e-07
 1.47663303e-07 1.47663303e-07 1.47663303e-07 1.47663303e-07
 1.47663303e-07 1.47663303e-07 1.47663303e-07 1.47663303e-07
 1.47663303e-07 1.47663303e-07 1.47663303e-07 1.47663303e-07
 1.47663303e-07 1.47663303e-07 1.47663303e-07 1.47663303e-07
 1.47663303e-07 1.47663303e-07 1.47663303e-07 1.47663303e-07
 1.47663303e-07 1.47663303e-07 1.47663303e-07 1.47663303e-07
 1.47663303e-07 1.47663303e-07 1.47663303e-07 1.47663303e-07
 1.47663303e-07 1.47663303e-07 1.47663303e-07 1.47663303e-07
 1.47663303e-07 1.47663303e-07 1.47663303e-07 1.47663303e-07
 1.47663303e-07 1.47663303e-07 1.47663303e-07 1.47663303e-07
 1.47663303e-07 1.47663303e-07 1.47663303e-07 1.47663303e-07
 1.47663303e-07 1.47663303e-07 1.47663303e-07 1.47663303e-07
 1.47663303e-07 1.47663303e-07 1.47663303e-07 1.47663303e-07
 1.47663303e-07 1.47663303e-07 1.47663303e-07 1.47663303e-07
 1.47663303e-07 1.47663303e-07 1.47663303e-07 1.47663303e-07
 1.47663303e-07 1.47663303e-07 1.47663303e-07 1.47663303e-07
 1.47663303e-07 1.47663303e-07 1.47663303e-07 1.47663303e-07
 1.47663303e-07 1.47663303e-07 1.47663303e-07 1.47663303e-07
 1.47663303e-07 1.47663303e-07 1.47663303e-07 1.47663303e-07
 1.47663303e-07 1.47663303e-07 1.47663303e-07 1.47663303e-07
 1.47663303e-07 1.47663303e-07 1.47663303e-07 1.47663303e-07
 1.47663303e-07 1.47663303e-07 1.47663303e-07 1.47663303e-07
 1.47663303e-07 1.47663303e-07 1.47663303e-07 1.47663303e-07
 1.47663303e-07 5.99055279e-08 6.05951240e-08 6.12877267e-08
 6.06875612e-08 5.83429950e-08 5.33984074e-08 3.04454380e-08
 3.14375419e-08 8.77458758e-08 8.84229526e-08 8.91084928e-08
 8.98021442e-08 9.05035479e-08 9.12123383e-08 9.19281437e-08
 9.26505854e-08 9.33792784e-08 9.41138308e-08 9.48538440e-08
 9.55989124e-08 9.63486230e-08 9.71025554e-08 9.78602813e-08
 9.86213639e-08 9.93853576e-08 1.00151807e-07 1.00920248e-07
 1.01690203e-07 1.02461183e-07 1.03232687e-07 1.04004198e-07
 1.04775183e-07 1.05545090e-07 1.06313346e-07 1.07079356e-07
 1.07842497e-07 1.08602117e-07 1.09357527e-07 1.10107999e-07
 1.10852758e-07 1.11590973e-07 1.12321750e-07 1.13044119e-07
 1.13757018e-07 1.14459278e-07 1.15149599e-07 1.15826524e-07
 1.16488400e-07 1.17133337e-07 1.17759143e-07 1.18363252e-07
 1.18942617e-07 1.19493572e-07 1.20011641e-07 1.20491272e-07
 1.20925458e-07 1.21305191e-07 1.21618653e-07 1.21849972e-07
 1.21977287e-07 1.21969594e-07 1.47663303e-07 1.47663303e-07
 1.47663303e-07 1.47663303e-07 1.47663303e-07 1.47663303e-07
 1.47663303e-07 1.47663303e-07 1.47663303e-07 1.47663303e-07
 1.47663303e-07 1.47663303e-07 1.47663303e-07 1.47663303e-07
 1.47663303e-07 1.47663303e-07 1.47663303e-07 1.47663303e-07
 1.47663303e-07 1.47663303e-07 1.47663303e-07 1.47663303e-07
 1.47663303e-07 1.47663303e-07 1.47663303e-07 1.47663303e-07
 1.47663303e-07 1.47663303e-07 1.47663303e-07 1.47663303e-07
 1.47663303e-07 1.47663303e-07 1.47663303e-07 1.47663303e-07
 1.47663303e-07 1.47663303e-07 1.47663303e-07 1.47663303e-07
 1.47663303e-07 1.47663303e-07 1.47663303e-07 1.47663303e-07
 1.47663303e-07 1.47663303e-07 1.47663303e-07 1.47663303e-07
 1.47663303e-07 1.47663303e-07 1.47663303e-07 1.47663303e-07
 1.47663303e-07 1.47663303e-07 1.47663303e-07 1.47663303e-07
 1.47663303e-07 1.47663303e-07 1.47663303e-07 1.47663303e-07
 1.47663303e-07 1.47663303e-07 1.47663303e-07 1.47663303e-07
 1.47663303e-07 1.47663303e-07 1.47663303e-07 1.47663303e-07
 1.47663303e-07 1.47663303e-07 1.47663303e-07 1.47663303e-07
 1.47663303e-07 1.47663303e-07 1.47663303e-07 1.47663303e-07
 1.47663303e-07 1.47663303e-07 1.47663303e-07 1.47663303e-07
 1.47663303e-07 1.47663303e-07 1.47663303e-07 1.47663303e-07
 1.47663303e-07 1.47663303e-07 1.47663303e-07 1.47663303e-07
 1.47663303e-07 1.47663303e-07 1.47663303e-07 1.47663303e-07
 1.47663303e-07 1.47663303e-07 1.47663303e-07 1.47663303e-07
 1.47663303e-07 1.47663303e-07 1.47663303e-07 1.47663303e-07
 1.47663303e-07 1.47663303e-07 1.47663303e-07 1.47663303e-07
 1.47663303e-07 1.47663303e-07 1.47663303e-07 1.47663303e-07
 1.47663303e-07 1.47663303e-07 1.47663303e-07 1.47663303e-07
 1.47663303e-07 1.47663303e-07 1.47663303e-07 1.47663303e-07
 1.47663303e-07 1.47663303e-07 1.47663303e-07 1.47663303e-07
 1.47663303e-07 1.47663303e-07 1.47663303e-07 1.47663303e-07]
traget val type: <class 'numpy.ndarray'>
target values are not the same
Target Values: [2.95101450e-07 7.86450342e-07]
traget val type: <class 'numpy.ndarray'>
target values are not the same
Target Values: [9.30058414e-08 9.30058414e-08]
traget val type: <class 'numpy.ndarray'>
all target values are the same
